<?xml version="1.0" encoding="UTF-8"?>
<!-- Generated by org.testng.reporters.JUnitReportReporter -->
<testsuite hostname="LAPTOP-MPL51A88" failures="0" tests="1" name="com.inetBanking.testCases.TC_FundTransfer_009" time="9.399" errors="0" timestamp="2023-05-09T10:15:34 IST" skipped="0">
  <testcase classname="com.inetBanking.testCases.TC_FundTransfer_009" name="fundFransfer" time="9.399"/>
  <system-out/>
</testsuite> <!-- com.inetBanking.testCases.TC_FundTransfer_009 -->
