<?xml version="1.0" encoding="UTF-8"?>
<!-- Generated by org.testng.reporters.JUnitReportReporter -->
<testsuite hostname="LAPTOP-MPL51A88" failures="0" tests="1" name="com.inetBanking.testCases.TC_AddCustomerTest_003" time="25.454" errors="0" timestamp="2023-05-10T08:30:06 IST" skipped="0">
  <testcase classname="com.inetBanking.testCases.TC_AddCustomerTest_003" name="addNewCustomer" time="25.454"/>
  <system-out/>
</testsuite> <!-- com.inetBanking.testCases.TC_AddCustomerTest_003 -->
