<?xml version="1.0" encoding="UTF-8"?>
<!-- Generated by org.testng.reporters.JUnitReportReporter -->
<testsuite hostname="LAPTOP-MPL51A88" failures="0" tests="1" name="com.inetBanking.testCases.TC_DepositTest_008" time="6.618" errors="0" timestamp="2023-05-08T10:47:53 IST" skipped="0">
  <testcase classname="com.inetBanking.testCases.TC_DepositTest_008" name="deposit" time="6.618"/>
  <system-out/>
</testsuite> <!-- com.inetBanking.testCases.TC_DepositTest_008 -->
