<?xml version="1.0" encoding="UTF-8"?>
<!-- Generated by org.testng.reporters.JUnitReportReporter -->
<testsuite hostname="LAPTOP-MPL51A88" failures="0" tests="1" name="com.inetBanking.testCases.TC_DeleteCustomerTest_005" time="4.151" errors="0" timestamp="2023-05-05T08:02:35 IST" skipped="0">
  <testcase classname="com.inetBanking.testCases.TC_DeleteCustomerTest_005" name="deleteCustomer" time="4.151"/>
  <system-out/>
</testsuite> <!-- com.inetBanking.testCases.TC_DeleteCustomerTest_005 -->
